<?xml version="1.0" encoding="UTF-8"?>
<robot generator="Robot 5.0.1 (Python 3.10.6 on win32)" generated="20220904 18:29:55.713" rpa="false" schemaversion="3">
<suite id="s1" name="Checkbox" source="C:\Keili\robot\web\SeleniumWebDrivercomRobotFramework\checkbox.robot">
<test id="s1-t1" name="Marcando opção com Id" line="12">
<kw name="Open Browser" library="SeleniumLibrary">
<arg>${url}</arg>
<arg>chrome</arg>
<doc>Opens a new browser instance to the optional ``url``.</doc>
<msg timestamp="20220904 18:29:56.136" level="INFO">Opening browser 'chrome' to base url 'https://training-wheels-protocol.herokuapp.com'.</msg>
<status status="PASS" starttime="20220904 18:29:56.135" endtime="20220904 18:30:03.008"/>
</kw>
<kw name="Go To" library="SeleniumLibrary">
<arg>${url}/checkboxes</arg>
<doc>Navigates the current browser window to the provided ``url``.</doc>
<msg timestamp="20220904 18:30:03.009" level="INFO">Opening url 'https://training-wheels-protocol.herokuapp.com/checkboxes'</msg>
<status status="PASS" starttime="20220904 18:30:03.009" endtime="20220904 18:30:03.350"/>
</kw>
<kw name="Select Checkbox" library="SeleniumLibrary">
<arg>${check_thor}</arg>
<doc>Selects the checkbox identified by ``locator``.</doc>
<msg timestamp="20220904 18:30:03.352" level="INFO">Selecting checkbox 'id:thor'.</msg>
<status status="PASS" starttime="20220904 18:30:03.350" endtime="20220904 18:30:03.473"/>
</kw>
<kw name="Checkbox Should Be Selected" library="SeleniumLibrary">
<arg>${check_thor}</arg>
<doc>Verifies checkbox ``locator`` is selected/checked.</doc>
<msg timestamp="20220904 18:30:03.474" level="INFO">Verifying checkbox 'id:thor' is selected.</msg>
<status status="PASS" starttime="20220904 18:30:03.474" endtime="20220904 18:30:03.515"/>
</kw>
<kw name="Close Browser" library="SeleniumLibrary">
<doc>Closes the current browser.</doc>
<status status="PASS" starttime="20220904 18:30:03.515" endtime="20220904 18:30:05.808"/>
</kw>
<status status="PASS" starttime="20220904 18:29:56.134" endtime="20220904 18:30:05.809"/>
</test>
<test id="s1-t2" name="Marcando opção com CSS Selector" line="19">
<kw name="Open Browser" library="SeleniumLibrary">
<arg>${url}</arg>
<arg>chrome</arg>
<doc>Opens a new browser instance to the optional ``url``.</doc>
<msg timestamp="20220904 18:30:05.813" level="INFO">Opening browser 'chrome' to base url 'https://training-wheels-protocol.herokuapp.com'.</msg>
<status status="PASS" starttime="20220904 18:30:05.813" endtime="20220904 18:30:17.862"/>
</kw>
<kw name="Go To" library="SeleniumLibrary">
<arg>${url}/checkboxes</arg>
<doc>Navigates the current browser window to the provided ``url``.</doc>
<msg timestamp="20220904 18:30:17.864" level="INFO">Opening url 'https://training-wheels-protocol.herokuapp.com/checkboxes'</msg>
<status status="PASS" starttime="20220904 18:30:17.864" endtime="20220904 18:30:18.442"/>
</kw>
<kw name="Select Checkbox" library="SeleniumLibrary">
<arg>${check_iron}</arg>
<doc>Selects the checkbox identified by ``locator``.</doc>
<msg timestamp="20220904 18:30:18.445" level="INFO">Selecting checkbox 'css:input[value='iron-man']'.</msg>
<status status="PASS" starttime="20220904 18:30:18.444" endtime="20220904 18:30:18.569"/>
</kw>
<kw name="Checkbox Should Be Selected" library="SeleniumLibrary">
<arg>${check_iron}</arg>
<doc>Verifies checkbox ``locator`` is selected/checked.</doc>
<msg timestamp="20220904 18:30:18.570" level="INFO">Verifying checkbox 'css:input[value='iron-man']' is selected.</msg>
<status status="PASS" starttime="20220904 18:30:18.570" endtime="20220904 18:30:18.623"/>
</kw>
<kw name="Close Browser" library="SeleniumLibrary">
<doc>Closes the current browser.</doc>
<status status="PASS" starttime="20220904 18:30:18.623" endtime="20220904 18:30:20.962"/>
</kw>
<status status="PASS" starttime="20220904 18:30:05.812" endtime="20220904 18:30:20.963"/>
</test>
<test id="s1-t3" name="Marcando opção com Xpath" line="26">
<kw name="Open Browser" library="SeleniumLibrary">
<arg>${url}</arg>
<arg>chrome</arg>
<doc>Opens a new browser instance to the optional ``url``.</doc>
<msg timestamp="20220904 18:30:20.968" level="INFO">Opening browser 'chrome' to base url 'https://training-wheels-protocol.herokuapp.com'.</msg>
<status status="PASS" starttime="20220904 18:30:20.967" endtime="20220904 18:30:28.172"/>
</kw>
<kw name="Go To" library="SeleniumLibrary">
<arg>${url}/checkboxes</arg>
<doc>Navigates the current browser window to the provided ``url``.</doc>
<msg timestamp="20220904 18:30:28.174" level="INFO">Opening url 'https://training-wheels-protocol.herokuapp.com/checkboxes'</msg>
<status status="PASS" starttime="20220904 18:30:28.173" endtime="20220904 18:30:28.539"/>
</kw>
<kw name="Select Checkbox" library="SeleniumLibrary">
<arg>${check_panter}</arg>
<doc>Selects the checkbox identified by ``locator``.</doc>
<msg timestamp="20220904 18:30:28.542" level="INFO">Selecting checkbox 'xpath://*[@id='checkboxes']/input[7]'.</msg>
<status status="PASS" starttime="20220904 18:30:28.541" endtime="20220904 18:30:28.683"/>
</kw>
<kw name="Checkbox Should Be Selected" library="SeleniumLibrary">
<arg>${check_panter}</arg>
<doc>Verifies checkbox ``locator`` is selected/checked.</doc>
<msg timestamp="20220904 18:30:28.685" level="INFO">Verifying checkbox 'xpath://*[@id='checkboxes']/input[7]' is selected.</msg>
<status status="PASS" starttime="20220904 18:30:28.685" endtime="20220904 18:30:28.723"/>
</kw>
<kw name="Sleep" library="BuiltIn">
<arg>15</arg>
<doc>Pauses the test executed for the given time.</doc>
<msg timestamp="20220904 18:30:43.733" level="INFO">Slept 15 seconds</msg>
<status status="PASS" starttime="20220904 18:30:28.725" endtime="20220904 18:30:43.734"/>
</kw>
<kw name="Close Browser" library="SeleniumLibrary">
<doc>Closes the current browser.</doc>
<status status="PASS" starttime="20220904 18:30:43.736" endtime="20220904 18:30:46.028"/>
</kw>
<tag>ironman</tag>
<status status="PASS" starttime="20220904 18:30:20.966" endtime="20220904 18:30:46.029"/>
</test>
<status status="PASS" starttime="20220904 18:29:55.715" endtime="20220904 18:30:46.037"/>
</suite>
<statistics>
<total>
<stat pass="3" fail="0" skip="0">All Tests</stat>
</total>
<tag>
<stat pass="1" fail="0" skip="0">ironman</stat>
</tag>
<suite>
<stat pass="3" fail="0" skip="0" id="s1" name="Checkbox">Checkbox</stat>
</suite>
</statistics>
<errors>
</errors>
</robot>
